
2016.08.26 09:11:48: The script is is running...
2016.08.26 09:11:49: Parse and send mail data is success! From: werdffelynir@gmail.com To: bogdan+93c3668ff7@13-59.skconsulting.cc.colocall.com Result data: {"to":null,"from":null,"type":"ok","error":null,"shared_with":false}
2016.08.26 09:13:49: The script is is running...
2016.08.26 09:13:50: Parse and send mail data is success! From: werdffelynir@gmail.com To: bogdan+93c3668ff7@13-59.skconsulting.cc.colocall.com Result data: {"to":null,"from":null,"type":"ok","error":null,"shared_with":false}
2016.08.26 09:14:40: The script is is running...
2016.08.26 09:14:40: Parse and send mail data is success! From: werdffelynir@gmail.com To: bogdan+93c3668ff7@13-59.skconsulting.cc.colocall.com Result data: {"to":null,"from":null,"type":"ok","error":null,"shared_with":false}
2016.08.26 09:17:05: The script is is running...
2016.08.26 09:17:05: Parse and send mail data is success! From: werdffelynir@gmail.com To: bogdan+93c3668ff7@13-59.skconsulting.cc.colocall.com Result data: {"to":null,"from":null,"type":"ok","error":null,"shared_with":false}
2016.08.26 09:33:33: The script is is running...
2016.08.26 09:33:40: Parse and send mail data is success! From: werdffelynir@gmail.com To: bogdan+93c3668ff7@13-59.skconsulting.cc.colocall.com Result data: {"to":null,"from":null,"type":"ok","error":null,"shared_with":false,"is_login":true}
2016.08.26 09:33:47: The script is is running...
2016.08.26 09:33:49: Parse and send mail data is success! From: werdffelynir@gmail.com To: bogdan+93c3668ff7@13-59.skconsulting.cc.colocall.com Result data: {"to":null,"from":null,"type":"ok","error":null,"shared_with":{"werd":{"uid":"werd","file":"files\/Talks\/bananas.png","file_token":null},"dev_admin":{"uid":"dev_admin","file":"files\/Talks\/bananas.png","file_token":true},"dev_man":{"uid":"dev_man","file":"files\/Talks\/bananas.png","file_token":true}},"is_login":true}
2016.08.26 09:52:28: The script is is running...
2016.08.26 09:52:29: Parse and send mail data is success! From: werdffelynir@gmail.com To: bogdan+93c3668ff7@13-59.skconsulting.cc.colocall.com Result data: {"to":null,"from":null,"type":"ok","error":null,"shared":"failed"}
2016.08.26 09:52:32: The script is is running...
2016.08.26 09:52:38: Parse and send mail data is success! From: werdffelynir@gmail.com To: bogdan+93c3668ff7@13-59.skconsulting.cc.colocall.com Result data: {"to":null,"from":null,"type":"ok","error":null,"shared_with":{"werd":{"uid":"werd","file":"files\/Talks\/bananas.png","file_token":null},"dev_admin":{"uid":"dev_admin","file":"files\/Talks\/bananas.png","file_token":true},"dev_man":{"uid":"dev_man","file":"files\/Talks\/bananas.png","file_token":true}},"file_info":{},"shared":"failed"}
2016.08.26 09:59:04: The script is is running...
2016.08.26 09:59:05: Parse and send mail data is success! From: werdffelynir@gmail.com To: bogdan+93c3668ff7@13-59.skconsulting.cc.colocall.com Result data: {"to":null,"from":null,"type":"ok","error":null,"shared_with":[{"werd":{"uid":"werd","file":"files\/Talks\/1472194744-bananas.png","file_token":null},"dev_admin":{"uid":"dev_admin","file":"files\/Talks\/1472194744-bananas.png","file_token":true},"dev_man":{"uid":"dev_man","file":"files\/Talks\/1472194744-bananas.png","file_token":true}}],"file_info":[{}]}
2016.08.26 09:59:24: The script is is running...
2016.08.26 09:59:25: Parse and send mail data is success! From: werdffelynir@gmail.com To: bogdan+93c3668ff7@13-59.skconsulting.cc.colocall.com Result data: {"to":null,"from":null,"type":"ok","error":null,"shared_with":[],"file_info":[]}
2016.08.26 10:00:06: The script is is running...
2016.08.26 10:00:11: Parse and send mail data is success! From: werdffelynir@gmail.com To: bogdan+93c3668ff7@13-59.skconsulting.cc.colocall.com Result data: {"to":null,"from":null,"type":"ok","error":null,"shared_with":[{"werd":{"uid":"werd","file":"files\/Talks\/bananas.png","file_token":null},"dev_admin":{"uid":"dev_admin","file":"files\/Talks\/bananas.png","file_token":true},"dev_man":{"uid":"dev_man","file":"files\/Talks\/bananas.png","file_token":true}}],"file_info":[{}]}
2016.08.26 10:03:32: The script is is running...
2016.08.26 10:03:33: Parse and send mail data is success! From: werdffelynir@gmail.com To: bogdan+93c3668ff7@13-59.skconsulting.cc.colocall.com Result data: {"to":null,"from":null,"type":"ok","error":null,"shared_with":[],"file_info":[]}
2016.08.26 10:03:35: The script is is running...
2016.08.26 10:03:41: Parse and send mail data is success! From: werdffelynir@gmail.com To: bogdan+93c3668ff7@13-59.skconsulting.cc.colocall.com Result data: {"to":null,"from":null,"type":"ok","error":null,"shared_with":[{"werd":{"uid":"werd","file":"files\/Talks\/bananas2.png","file_token":null},"dev_admin":{"uid":"dev_admin","file":"files\/Talks\/bananas2.png","file_token":true},"dev_man":{"uid":"dev_man","file":"files\/Talks\/bananas2.png","file_token":true}}],"file_info":[{}]}
2016.08.26 10:07:09: The script is is running...
2016.08.26 10:08:21: The script is is running...
2016.08.26 10:10:01: The script is is running...
2016.08.26 07:10:01: FILES INFO: {}
2016.08.26 10:10:02: Parse and send mail data is success! From: werdffelynir@gmail.com To: bogdan+93c3668ff7@13-59.skconsulting.cc.colocall.com Result data: {"to":null,"from":null,"type":"ok","error":null,"shared_with":[{"werd":{"uid":"werd","file":"files\/Talks\/1472195401-bananas2.png","file_token":null},"dev_admin":{"uid":"dev_admin","file":"files\/Talks\/1472195401-bananas2.png","file_token":true},"dev_man":{"uid":"dev_man","file":"files\/Talks\/1472195401-bananas2.png","file_token":true}}],"file_info":[{}]}
2016.08.26 10:14:30: The script is is running...
2016.08.26 07:14:31: FILES INFO: {}
2016.08.26 10:14:31: Parse and send mail data is success! From: werdffelynir@gmail.com To: werd+93c3668ff7@owncloud91.loc Result data: {"to":null,"from":null,"type":"ok","error":null,"shared_with":[{"werd":{"uid":"werd","file":"files\/Talks\/bananas3.png","file_token":null},"dev_admin":{"uid":"dev_admin","file":"files\/Talks\/bananas3.png","file_token":true},"dev_man":{"uid":"dev_man","file":"files\/Talks\/bananas3.png","file_token":true}}],"file_fileid":[214]}
2016.08.26 10:15:21: The script is is running...
2016.08.26 07:15:22: FILES INFO: {}
2016.08.26 10:15:23: Parse and send mail data is success! From: werdffelynir@gmail.com To: werd+93c3668ff7@owncloud91.loc Result data: {"to":null,"from":null,"type":"ok","error":null,"$insertResult":"26","shared_with":[{"werd":{"uid":"werd","file":"files\/Talks\/1472195722-bananas3.png","file_token":null},"dev_admin":{"uid":"dev_admin","file":"files\/Talks\/1472195722-bananas3.png","file_token":true},"dev_man":{"uid":"dev_man","file":"files\/Talks\/1472195722-bananas3.png","file_token":true}}],"file_fileid":[215]}
2016.08.26 10:18:05: The script is is running...
2016.08.26 07:18:06: FILES INFO: {}
2016.08.26 10:18:06: Parse and send mail data is success! From: werdffelynir@gmail.com To: werd+93c3668ff7@owncloud91.loc Result data: {"to":null,"from":null,"type":"ok","error":null,"shared_with":[{"werd":{"uid":"werd","file":"files\/Talks\/bananas4.png","file_token":null},"dev_admin":{"uid":"dev_admin","file":"files\/Talks\/bananas4.png","file_token":true},"dev_man":{"uid":"dev_man","file":"files\/Talks\/bananas4.png","file_token":true}}],"file_fileid":[216]}
2016.08.26 10:30:49: The script is is running...
2016.08.26 07:30:50: FILES INFO: {}
2016.08.26 10:30:50: Parse and send mail data is success! From: werdffelynir@gmail.com To: werd+93c3668ff7@owncloud91.loc Result data: {"to":null,"from":null,"type":"ok","error":null,"shared_with":[{"werd":{"uid":"werd","file":"files\/Talks\/bananas5.png","file_token":null},"dev_admin":{"uid":"dev_admin","file":"files\/Talks\/bananas5.png","file_token":true},"dev_man":{"uid":"dev_man","file":"files\/Talks\/bananas5.png","file_token":true}}],"file_fileid":[217]}
2016.08.26 10:36:09: The script is is running...
2016.08.26 07:36:09: FILES INFO: {}
2016.08.26 10:36:10: Parse and send mail data is success! From: werdffelynir@gmail.com To: werd+93c3668ff7@owncloud91.loc Result data: {"to":null,"from":null,"type":"ok","error":null,"shared_with":[{"werd":{"uid":"werd","file":"files\/Talks\/bananas6.png","file_token":null},"dev_admin":{"uid":"dev_admin","file":"files\/Talks\/bananas6.png","file_token":true},"dev_man":{"uid":"dev_man","file":"files\/Talks\/bananas6.png","file_token":true}}],"file_fileid":[218]}