
2016.07.21 16:35:34: Line: 131; Result from server is bad! QueryData:<pre class='xdebug-var-dump' dir='ltr'>
<b>array</b> <i>(size=4)</i>
  'bogdan' <font color='#888a85'>=&gt;</font> 
    <b>array</b> <i>(size=3)</i>
      'uid' <font color='#888a85'>=&gt;</font> <small>string</small> <font color='#cc0000'>'bogdan'</font> <i>(length=6)</i>
      'file' <font color='#888a85'>=&gt;</font> <small>string</small> <font color='#cc0000'>'files/Talks/bananas.png'</font> <i>(length=23)</i>
      'file_token' <font color='#888a85'>=&gt;</font> <small>boolean</small> <font color='#75507b'>true</font>
  'admindev' <font color='#888a85'>=&gt;</font> 
    <b>array</b> <i>(size=3)</i>
      'uid' <font color='#888a85'>=&gt;</font> <small>string</small> <font color='#cc0000'>'admindev'</font> <i>(length=8)</i>
      'file' <font color='#888a85'>=&gt;</font> <small>string</small> <font color='#cc0000'>'files/Talks/bananas.png'</font> <i>(length=23)</i>
      'file_token' <font color='#888a85'>=&gt;</font> <small>boolean</small> <font color='#75507b'>true</font>
  'man1' <font color='#888a85'>=&gt;</font> 
    <b>array</b> <i>(size=3)</i>
      'uid' <font color='#888a85'>=&gt;</font> <small>string</small> <font color='#cc0000'>'man1'</font> <i>(length=4)</i>
      'file' <font color='#888a85'>=&gt;</font> <small>string</small> <font color='#cc0000'>'files/Talks/bananas.png'</font> <i>(length=23)</i>
      'file_token' <font color='#888a85'>=&gt;</font> <small>boolean</small> <font color='#75507b'>true</font>
  'user1' <font color='#888a85'>=&gt;</font> 
    <b>array</b> <i>(size=3)</i>
      'uid' <font color='#888a85'>=&gt;</font> <small>string</small> <font color='#cc0000'>'user1'</font> <i>(length=5)</i>
      'file' <font color='#888a85'>=&gt;</font> <small>string</small> <font color='#cc0000'>'files/Talks/bananas.png'</font> <i>(length=23)</i>
      'file_token' <font color='#888a85'>=&gt;</font> <small>boolean</small> <font color='#75507b'>true</font>
</pre>{"to":null,"from":null,"type":"ok","error":null,"shared_with":null}
2016.08.23 15:48:01: Line: 131; Result from server is bad! QueryData:{"to":null,"from":null,"type":"fail","error":"User with email 'bogdan@mail.com' not find!"}